This is pdfTeX, Version 3.14159265-2.6-1.40.20 (TeX Live 2019/Debian) (preloaded format=pdflatex 2021.5.14)  15 MAY 2021 15:40
entering extended mode
 restricted \write18 enabled.
 file:line:error style messages enabled.
 %&-line parsing enabled.
**/home/yizaochen/courses/apsfinal/final_project/main.tex
(/home/yizaochen/courses/apsfinal/final_project/main.tex
LaTeX2e <2020-02-02> patch level 2
L3 programming layer <2020-02-14> (/usr/share/texlive/texmf-dist/tex/latex/base/book.cls
Document Class: book 2019/12/20 v1.4l Standard LaTeX document class
(/usr/share/texlive/texmf-dist/tex/latex/base/bk12.clo
File: bk12.clo 2019/12/20 v1.4l Standard LaTeX file (size option)
)
\c@part=\count167
\c@chapter=\count168
\c@section=\count169
\c@subsection=\count170
\c@subsubsection=\count171
\c@paragraph=\count172
\c@subparagraph=\count173
\c@figure=\count174
\c@table=\count175
\abovecaptionskip=\skip47
\belowcaptionskip=\skip48
\bibindent=\dimen134
) (/usr/share/texmf/tex/latex/CJK/CJKutf8.sty
Package: CJKutf8 2015/04/18 4.8.4
 (/usr/share/texlive/texmf-dist/tex/generic/iftex/ifpdf.sty
Package: ifpdf 2019/10/25 v3.4 ifpdf legacy package. Use iftex instead.
 (/usr/share/texlive/texmf-dist/tex/generic/iftex/iftex.sty
Package: iftex 2019/11/07 v1.0c TeX engine tests
)) (/usr/share/texlive/texmf-dist/tex/latex/base/inputenc.sty
Package: inputenc 2018/08/11 v1.3c Input encoding file
\inpenc@prehook=\toks14
\inpenc@posthook=\toks15
) (/usr/share/texmf/tex/latex/CJK/CJK.sty
Package: CJK 2015/04/18 4.8.4
 (/usr/share/texmf/tex/latex/CJK/mule/MULEenc.sty
Package: MULEenc 2015/04/18 4.8.4
) (/usr/share/texmf/tex/latex/CJK/CJK.enc
File: CJK.enc 2015/04/18 4.8.4
Now handling font encoding C00 ...
... no UTF-8 mapping file for font encoding C00
Now handling font encoding C05 ...
... no UTF-8 mapping file for font encoding C05
Now handling font encoding C09 ...
... no UTF-8 mapping file for font encoding C09
Now handling font encoding C10 ...
... no UTF-8 mapping file for font encoding C10
Now handling font encoding C20 ...
... no UTF-8 mapping file for font encoding C20
Now handling font encoding C19 ...
... no UTF-8 mapping file for font encoding C19
Now handling font encoding C40 ...
... no UTF-8 mapping file for font encoding C40
Now handling font encoding C42 ...
... no UTF-8 mapping file for font encoding C42
Now handling font encoding C43 ...
... no UTF-8 mapping file for font encoding C43
Now handling font encoding C50 ...
... no UTF-8 mapping file for font encoding C50
Now handling font encoding C52 ...
... no UTF-8 mapping file for font encoding C52
Now handling font encoding C49 ...
... no UTF-8 mapping file for font encoding C49
Now handling font encoding C60 ...
... no UTF-8 mapping file for font encoding C60
Now handling font encoding C61 ...
... no UTF-8 mapping file for font encoding C61
Now handling font encoding C63 ...
... no UTF-8 mapping file for font encoding C63
Now handling font encoding C64 ...
... no UTF-8 mapping file for font encoding C64
Now handling font encoding C65 ...
... no UTF-8 mapping file for font encoding C65
Now handling font encoding C70 ...
... no UTF-8 mapping file for font encoding C70
Now handling font encoding C31 ...
... no UTF-8 mapping file for font encoding C31
Now handling font encoding C32 ...
... no UTF-8 mapping file for font encoding C32
Now handling font encoding C33 ...
... no UTF-8 mapping file for font encoding C33
Now handling font encoding C34 ...
... no UTF-8 mapping file for font encoding C34
Now handling font encoding C35 ...
... no UTF-8 mapping file for font encoding C35
Now handling font encoding C36 ...
... no UTF-8 mapping file for font encoding C36
Now handling font encoding C37 ...
... no UTF-8 mapping file for font encoding C37
Now handling font encoding C80 ...
... no UTF-8 mapping file for font encoding C80
Now handling font encoding C81 ...
... no UTF-8 mapping file for font encoding C81
Now handling font encoding C01 ...
... no UTF-8 mapping file for font encoding C01
Now handling font encoding C11 ...
... no UTF-8 mapping file for font encoding C11
Now handling font encoding C21 ...
... no UTF-8 mapping file for font encoding C21
Now handling font encoding C41 ...
... no UTF-8 mapping file for font encoding C41
Now handling font encoding C62 ...
... no UTF-8 mapping file for font encoding C62
)
LaTeX Info: Redefining \selectfont on input line 755.
\CJK@indent=\box45
) (/usr/share/texlive/texmf-dist/tex/latex/base/fontenc.sty
Package: fontenc 2020/02/11 v2.0o Standard LaTeX package
)) (/usr/share/texlive/texmf-dist/tex/latex/hyperref/hyperref.sty
Package: hyperref 2020/01/14 v7.00d Hypertext links for LaTeX
 (/usr/share/texlive/texmf-dist/tex/generic/ltxcmds/ltxcmds.sty
Package: ltxcmds 2019/12/15 v1.24 LaTeX kernel commands for general use (HO)
) (/usr/share/texlive/texmf-dist/tex/latex/pdftexcmds/pdftexcmds.sty
Package: pdftexcmds 2019/11/24 v0.31 Utility functions of pdfTeX for LuaTeX (HO)
 (/usr/share/texlive/texmf-dist/tex/generic/infwarerr/infwarerr.sty
Package: infwarerr 2019/12/03 v1.5 Providing info/warning/error messages (HO)
)
Package pdftexcmds Info: \pdf@primitive is available.
Package pdftexcmds Info: \pdf@ifprimitive is available.
Package pdftexcmds Info: \pdfdraftmode found.
) (/usr/share/texlive/texmf-dist/tex/latex/graphics/keyval.sty
Package: keyval 2014/10/28 v1.15 key=value parser (DPC)
\KV@toks@=\toks16
) (/usr/share/texlive/texmf-dist/tex/generic/kvsetkeys/kvsetkeys.sty
Package: kvsetkeys 2019/12/15 v1.18 Key value parser (HO)
) (/usr/share/texlive/texmf-dist/tex/generic/kvdefinekeys/kvdefinekeys.sty
Package: kvdefinekeys 2019-12-19 v1.6 Define keys (HO)
) (/usr/share/texlive/texmf-dist/tex/generic/pdfescape/pdfescape.sty
Package: pdfescape 2019/12/09 v1.15 Implements pdfTeX's escape features (HO)
) (/usr/share/texlive/texmf-dist/tex/latex/hycolor/hycolor.sty
Package: hycolor 2020-01-27 v1.10 Color options for hyperref/bookmark (HO)
) (/usr/share/texlive/texmf-dist/tex/latex/letltxmacro/letltxmacro.sty
Package: letltxmacro 2019/12/03 v1.6 Let assignment for LaTeX macros (HO)
) (/usr/share/texlive/texmf-dist/tex/latex/auxhook/auxhook.sty
Package: auxhook 2019-12-17 v1.6 Hooks for auxiliary files (HO)
) (/usr/share/texlive/texmf-dist/tex/latex/kvoptions/kvoptions.sty
Package: kvoptions 2019/11/29 v3.13 Key value format for package options (HO)
)
\@linkdim=\dimen135
\Hy@linkcounter=\count176
\Hy@pagecounter=\count177
 (/usr/share/texlive/texmf-dist/tex/latex/hyperref/pd1enc.def
File: pd1enc.def 2020/01/14 v7.00d Hyperref: PDFDocEncoding definition (HO)
Now handling font encoding PD1 ...
... no UTF-8 mapping file for font encoding PD1
) (/usr/share/texlive/texmf-dist/tex/generic/intcalc/intcalc.sty
Package: intcalc 2019/12/15 v1.3 Expandable calculations with integers (HO)
) (/usr/share/texlive/texmf-dist/tex/generic/etexcmds/etexcmds.sty
Package: etexcmds 2019/12/15 v1.7 Avoid name clashes with e-TeX commands (HO)
)
\Hy@SavedSpaceFactor=\count178
\pdfmajorversion=\count179
Package hyperref Info: Hyper figures OFF on input line 4547.
Package hyperref Info: Link nesting OFF on input line 4552.
Package hyperref Info: Hyper index ON on input line 4555.
Package hyperref Info: Plain pages OFF on input line 4562.
Package hyperref Info: Backreferencing OFF on input line 4567.
Package hyperref Info: Implicit mode ON; LaTeX internals redefined.
Package hyperref Info: Bookmarks ON on input line 4800.
\c@Hy@tempcnt=\count180
 (/usr/share/texlive/texmf-dist/tex/latex/url/url.sty
\Urlmuskip=\muskip16
Package: url 2013/09/16  ver 3.4  Verb mode for urls, etc.
)
LaTeX Info: Redefining \url on input line 5159.
\XeTeXLinkMargin=\dimen136
 (/usr/share/texlive/texmf-dist/tex/generic/bitset/bitset.sty
Package: bitset 2019/12/09 v1.3 Handle bit-vector datatype (HO)
 (/usr/share/texlive/texmf-dist/tex/generic/bigintcalc/bigintcalc.sty
Package: bigintcalc 2019/12/15 v1.5 Expandable calculations on big integers (HO)
))
\Fld@menulength=\count181
\Field@Width=\dimen137
\Fld@charsize=\dimen138
Package hyperref Info: Hyper figures OFF on input line 6430.
Package hyperref Info: Link nesting OFF on input line 6435.
Package hyperref Info: Hyper index ON on input line 6438.
Package hyperref Info: backreferencing OFF on input line 6445.
Package hyperref Info: Link coloring OFF on input line 6450.
Package hyperref Info: Link coloring with OCG OFF on input line 6455.
Package hyperref Info: PDF/A mode OFF on input line 6460.
LaTeX Info: Redefining \ref on input line 6500.
LaTeX Info: Redefining \pageref on input line 6504.
 (/usr/share/texlive/texmf-dist/tex/generic/atbegshi/atbegshi.sty
Package: atbegshi 2019/12/05 v1.19 At begin shipout hook (HO)
)
\Hy@abspage=\count182
\c@Item=\count183
\c@Hfootnote=\count184
)
Package hyperref Info: Driver (autodetected): hpdftex.
 (/usr/share/texlive/texmf-dist/tex/latex/hyperref/hpdftex.def
File: hpdftex.def 2020/01/14 v7.00d Hyperref driver for pdfTeX
 (/usr/share/texlive/texmf-dist/tex/latex/atveryend/atveryend.sty
Package: atveryend 2019-12-11 v1.11 Hooks at the very end of document (HO)
Package atveryend Info: \enddocument detected (standard20110627).
)
\Fld@listcount=\count185
\c@bookmark@seq@number=\count186
 (/usr/share/texlive/texmf-dist/tex/latex/rerunfilecheck/rerunfilecheck.sty
Package: rerunfilecheck 2019/12/05 v1.9 Rerun checks for auxiliary files (HO)
 (/usr/share/texlive/texmf-dist/tex/generic/uniquecounter/uniquecounter.sty
Package: uniquecounter 2019/12/15 v1.4 Provide unlimited unique counter (HO)
)
Package uniquecounter Info: New unique counter `rerunfilecheck' on input line 286.
)
\Hy@SectionHShift=\skip49
) (/usr/share/texlive/texmf-dist/tex/latex/graphics/graphicx.sty
Package: graphicx 2019/11/30 v1.2a Enhanced LaTeX Graphics (DPC,SPQR)
 (/usr/share/texlive/texmf-dist/tex/latex/graphics/graphics.sty
Package: graphics 2019/11/30 v1.4a Standard LaTeX Graphics (DPC,SPQR)
 (/usr/share/texlive/texmf-dist/tex/latex/graphics/trig.sty
Package: trig 2016/01/03 v1.10 sin cos tan (DPC)
) (/usr/share/texlive/texmf-dist/tex/latex/graphics-cfg/graphics.cfg
File: graphics.cfg 2016/06/04 v1.11 sample graphics configuration
)
Package graphics Info: Driver file: pdftex.def on input line 105.
 (/usr/share/texlive/texmf-dist/tex/latex/graphics-def/pdftex.def
File: pdftex.def 2018/01/08 v1.0l Graphics/color driver for pdftex
))
\Gin@req@height=\dimen139
\Gin@req@width=\dimen140
) (/usr/share/texlive/texmf-dist/tex/generic/babel/babel.sty
Package: babel 2020/02/14 3.40 The Babel package
 (/usr/share/texlive/texmf-dist/tex/generic/babel/switch.def
File: switch.def 2020/02/14 3.40 Babel switching mechanism
)
Package babel Info: You haven't specified a language. I'll use 'nil'
(babel)             as the main language. Reported on input line 572.
 (/usr/share/texlive/texmf-dist/tex/generic/babel/nil.ldf
Language: nil 2020/02/14 3.40 Nil language
 (/usr/share/texlive/texmf-dist/tex/generic/babel/babel.def
File: babel.def 2020/02/14 3.40 Babel common definitions
\babel@savecnt=\count187
\U@D=\dimen141
 (/usr/share/texlive/texmf-dist/tex/generic/babel/txtbabel.def)
\bbl@readstream=\read2
\bbl@dirlevel=\count188
)
\l@nil=\language31
)) (/usr/share/texlive/texmf-dist/tex/latex/natbib/natbib.sty
Package: natbib 2010/09/13 8.31b (PWD, AO)
\bibhang=\skip50
\bibsep=\skip51
LaTeX Info: Redefining \cite on input line 694.
\c@NAT@ctr=\count189
) (/usr/share/texlive/texmf-dist/tex/latex/amsmath/amsmath.sty
Package: amsmath 2020/01/20 v2.17e AMS math features
\@mathmargin=\skip52

For additional information on amsmath, use the `?' option.
(/usr/share/texlive/texmf-dist/tex/latex/amsmath/amstext.sty
Package: amstext 2000/06/29 v2.01 AMS text
 (/usr/share/texlive/texmf-dist/tex/latex/amsmath/amsgen.sty
File: amsgen.sty 1999/11/30 v2.0 generic functions
\@emptytoks=\toks17
\ex@=\dimen142
)) (/usr/share/texlive/texmf-dist/tex/latex/amsmath/amsbsy.sty
Package: amsbsy 1999/11/29 v1.2d Bold Symbols
\pmbraise@=\dimen143
) (/usr/share/texlive/texmf-dist/tex/latex/amsmath/amsopn.sty
Package: amsopn 2016/03/08 v2.02 operator names
)
\inf@bad=\count190
LaTeX Info: Redefining \frac on input line 227.
\uproot@=\count191
\leftroot@=\count192
LaTeX Info: Redefining \overline on input line 389.
\classnum@=\count193
\DOTSCASE@=\count194
LaTeX Info: Redefining \ldots on input line 486.
LaTeX Info: Redefining \dots on input line 489.
LaTeX Info: Redefining \cdots on input line 610.
\Mathstrutbox@=\box46
\strutbox@=\box47
\big@size=\dimen144
LaTeX Font Info:    Redeclaring font encoding OML on input line 733.
LaTeX Font Info:    Redeclaring font encoding OMS on input line 734.
\macc@depth=\count195
\c@MaxMatrixCols=\count196
\dotsspace@=\muskip17
\c@parentequation=\count197
\dspbrk@lvl=\count198
\tag@help=\toks18
\row@=\count199
\column@=\count266
\maxfields@=\count267
\andhelp@=\toks19
\eqnshift@=\dimen145
\alignsep@=\dimen146
\tagshift@=\dimen147
\tagwidth@=\dimen148
\totwidth@=\dimen149
\lineht@=\dimen150
\@envbody=\toks20
\multlinegap=\skip53
\multlinetaggap=\skip54
\mathdisplay@stack=\toks21
LaTeX Info: Redefining \[ on input line 2859.
LaTeX Info: Redefining \] on input line 2860.
) (/usr/share/texlive/texmf-dist/tex/latex/l3backend/l3backend-pdfmode.def
File: l3backend-pdfmode.def 2020-02-03 L3 backend support: PDF mode
\l__kernel_color_stack_int=\count268
\l__pdf_internal_box=\box48
) (/home/yizaochen/courses/apsfinal/final_project/main.aux)
\openout1 = `main.aux'.

LaTeX Font Info:    Checking defaults for OML/cmm/m/it on input line 20.
LaTeX Font Info:    ... okay on input line 20.
LaTeX Font Info:    Checking defaults for OMS/cmsy/m/n on input line 20.
LaTeX Font Info:    ... okay on input line 20.
LaTeX Font Info:    Checking defaults for OT1/cmr/m/n on input line 20.
LaTeX Font Info:    ... okay on input line 20.
LaTeX Font Info:    Checking defaults for T1/cmr/m/n on input line 20.
LaTeX Font Info:    ... okay on input line 20.
LaTeX Font Info:    Checking defaults for TS1/cmr/m/n on input line 20.
LaTeX Font Info:    ... okay on input line 20.
LaTeX Font Info:    Checking defaults for OMX/cmex/m/n on input line 20.
LaTeX Font Info:    ... okay on input line 20.
LaTeX Font Info:    Checking defaults for U/cmr/m/n on input line 20.
LaTeX Font Info:    ... okay on input line 20.
LaTeX Font Info:    Checking defaults for C00/song/m/n on input line 20.
LaTeX Font Info:    ... okay on input line 20.
LaTeX Font Info:    Checking defaults for C05/song/m/n on input line 20.
LaTeX Font Info:    ... okay on input line 20.
LaTeX Font Info:    Checking defaults for C09/song/m/n on input line 20.
LaTeX Font Info:    ... okay on input line 20.
LaTeX Font Info:    Checking defaults for C10/song/m/n on input line 20.
LaTeX Font Info:    ... okay on input line 20.
LaTeX Font Info:    Checking defaults for C20/song/m/n on input line 20.
LaTeX Font Info:    ... okay on input line 20.
LaTeX Font Info:    Checking defaults for C19/song/m/n on input line 20.
LaTeX Font Info:    ... okay on input line 20.
LaTeX Font Info:    Checking defaults for C40/song/m/n on input line 20.
LaTeX Font Info:    ... okay on input line 20.
LaTeX Font Info:    Checking defaults for C42/song/m/n on input line 20.
LaTeX Font Info:    ... okay on input line 20.
LaTeX Font Info:    Checking defaults for C43/song/m/n on input line 20.
LaTeX Font Info:    ... okay on input line 20.
LaTeX Font Info:    Checking defaults for C50/song/m/n on input line 20.
LaTeX Font Info:    ... okay on input line 20.
LaTeX Font Info:    Checking defaults for C52/song/m/n on input line 20.
LaTeX Font Info:    ... okay on input line 20.
LaTeX Font Info:    Checking defaults for C49/song/m/n on input line 20.
LaTeX Font Info:    ... okay on input line 20.
LaTeX Font Info:    Checking defaults for C60/mj/m/n on input line 20.
LaTeX Font Info:    ... okay on input line 20.
LaTeX Font Info:    Checking defaults for C61/mj/m/n on input line 20.
LaTeX Font Info:    ... okay on input line 20.
LaTeX Font Info:    Checking defaults for C63/mj/m/n on input line 20.
LaTeX Font Info:    ... okay on input line 20.
LaTeX Font Info:    Checking defaults for C64/mj/m/n on input line 20.
LaTeX Font Info:    ... okay on input line 20.
LaTeX Font Info:    Checking defaults for C65/mj/m/n on input line 20.
LaTeX Font Info:    ... okay on input line 20.
LaTeX Font Info:    Checking defaults for C70/song/m/n on input line 20.
LaTeX Font Info:    ... okay on input line 20.
LaTeX Font Info:    Checking defaults for C31/song/m/n on input line 20.
LaTeX Font Info:    ... okay on input line 20.
LaTeX Font Info:    Checking defaults for C32/song/m/n on input line 20.
LaTeX Font Info:    ... okay on input line 20.
LaTeX Font Info:    Checking defaults for C33/song/m/n on input line 20.
LaTeX Font Info:    ... okay on input line 20.
LaTeX Font Info:    Checking defaults for C34/song/m/n on input line 20.
LaTeX Font Info:    ... okay on input line 20.
LaTeX Font Info:    Checking defaults for C35/song/m/n on input line 20.
LaTeX Font Info:    ... okay on input line 20.
LaTeX Font Info:    Checking defaults for C36/song/m/n on input line 20.
LaTeX Font Info:    ... okay on input line 20.
LaTeX Font Info:    Checking defaults for C37/song/m/n on input line 20.
LaTeX Font Info:    ... okay on input line 20.
LaTeX Font Info:    Checking defaults for C80/song/m/n on input line 20.
LaTeX Font Info:    ... okay on input line 20.
LaTeX Font Info:    Checking defaults for C81/song/m/n on input line 20.
LaTeX Font Info:    ... okay on input line 20.
LaTeX Font Info:    Checking defaults for C01/song/m/n on input line 20.
LaTeX Font Info:    ... okay on input line 20.
LaTeX Font Info:    Checking defaults for C11/song/m/n on input line 20.
LaTeX Font Info:    ... okay on input line 20.
LaTeX Font Info:    Checking defaults for C21/song/m/n on input line 20.
LaTeX Font Info:    ... okay on input line 20.
LaTeX Font Info:    Checking defaults for C41/song/m/n on input line 20.
LaTeX Font Info:    ... okay on input line 20.
LaTeX Font Info:    Checking defaults for C62/song/m/n on input line 20.
LaTeX Font Info:    ... okay on input line 20.
LaTeX Font Info:    Checking defaults for PD1/pdf/m/n on input line 20.
LaTeX Font Info:    ... okay on input line 20.
\AtBeginShipoutBox=\box49
Package hyperref Info: Link coloring OFF on input line 20.
 (/usr/share/texlive/texmf-dist/tex/latex/hyperref/nameref.sty
Package: nameref 2019/09/16 v2.46 Cross-referencing by name of section
 (/usr/share/texlive/texmf-dist/tex/latex/refcount/refcount.sty
Package: refcount 2019/12/15 v3.6 Data extraction from label references (HO)
) (/usr/share/texlive/texmf-dist/tex/generic/gettitlestring/gettitlestring.sty
Package: gettitlestring 2019/12/15 v1.6 Cleanup title references (HO)
)
\c@section@level=\count269
)
LaTeX Info: Redefining \ref on input line 20.
LaTeX Info: Redefining \pageref on input line 20.
LaTeX Info: Redefining \nameref on input line 20.
 (/home/yizaochen/courses/apsfinal/final_project/main.out) (/home/yizaochen/courses/apsfinal/final_project/main.out)
\@outlinefile=\write3
\openout3 = `main.out'.

 (/usr/share/texlive/texmf-dist/tex/context/base/mkii/supp-pdf.mkii
[Loading MPS to PDF converter (version 2006.09.02).]
\scratchcounter=\count270
\scratchdimen=\dimen151
\scratchbox=\box50
\nofMPsegments=\count271
\nofMParguments=\count272
\everyMPshowfont=\toks22
\MPscratchCnt=\count273
\MPscratchDim=\dimen152
\MPnumerator=\count274
\makeMPintoPDFobject=\count275
\everyMPtoPDFconversion=\toks23
) (/usr/share/texlive/texmf-dist/tex/latex/epstopdf-pkg/epstopdf-base.sty
Package: epstopdf-base 2020-01-24 v2.11 Base part for package epstopdf
Package epstopdf-base Info: Redefining graphics rule for `.eps' on input line 485.
 (/usr/share/texlive/texmf-dist/tex/latex/latexconfig/epstopdf-sys.cfg
File: epstopdf-sys.cfg 2010/07/13 v1.3 Configuration of (r)epstopdf for TeX Live
)) (/usr/share/texmf/tex/latex/CJK/UTF8/UTF8.bdg
File: UTF8.bdg 2015/04/18 4.8.4
) (/usr/share/texmf/tex/latex/CJK/UTF8/UTF8.enc
File: UTF8.enc 2015/04/18 4.8.4
) (/usr/share/texmf/tex/latex/CJK/UTF8/UTF8.chr
File: UTF8.chr 2015/04/18 4.8.4
)
LaTeX Font Info:    Trying to load font information for C70+bsmi on input line 23.
 (/usr/share/texmf/tex/latex/CJK/UTF8/c70bsmi.fd
File: c70bsmi.fd 2008/10/03 4.8.1
) (/usr/share/texmf/tex/latex/CJK/UTF8/c70bsmi.fdx
File: c70bsmi.fdx 2012/05/07 4.8.3
) [1


{/var/lib/texmf/fonts/map/pdftex/updmap/pdftex.map}] (/home/yizaochen/courses/apsfinal/final_project/main.toc)
\tf@toc=\write4
\openout4 = `main.toc'.

pdfTeX warning (ext4): destination with the same identifier (name{page.1}) has been already used, duplicate ignored
<to be read again> 
                   \relax 
l.24 
      [1

] (/home/yizaochen/courses/apsfinal/final_project/chapters/chapter1.tex [2]
Chapter 1.
) (/home/yizaochen/courses/apsfinal/final_project/chapters/chapter2.tex [3

]
Chapter 2.
<./images/gender_bar_pie.png, id=317, 4265.9375pt x 1505.625pt>
File: ./images/gender_bar_pie.png Graphic file (type png)
<use ./images/gender_bar_pie.png>
Package pdftex.def Info: ./images/gender_bar_pie.png  used on input line 17.
(pdftex.def)             Requested size: 384.1122pt x 135.56932pt.
[4

]
<./images/hypert_bar_pie.png, id=325, 4265.9375pt x 1505.625pt>
File: ./images/hypert_bar_pie.png Graphic file (type png)
<use ./images/hypert_bar_pie.png>
Package pdftex.def Info: ./images/hypert_bar_pie.png  used on input line 20.
(pdftex.def)             Requested size: 384.1122pt x 135.56932pt.
<./images/heartd_bar_pie.png, id=326, 4265.9375pt x 1505.625pt>
File: ./images/heartd_bar_pie.png Graphic file (type png)
<use ./images/heartd_bar_pie.png>
Package pdftex.def Info: ./images/heartd_bar_pie.png  used on input line 23.
(pdftex.def)             Requested size: 384.1122pt x 135.56932pt.


LaTeX Font Warning: Font shape `C70/bsmi/m/sl' undefined
(Font)              using `C70/bsmi/m/n' instead on input line 25.

[5 <./images/gender_bar_pie.png> <./images/hypert_bar_pie.png>]
<./images/evermarry_bar_pie.png, id=333, 4265.9375pt x 1505.625pt>
File: ./images/evermarry_bar_pie.png Graphic file (type png)
<use ./images/evermarry_bar_pie.png>
Package pdftex.def Info: ./images/evermarry_bar_pie.png  used on input line 26.
(pdftex.def)             Requested size: 384.1122pt x 135.56932pt.
<./images/resit_bar_chart.png, id=334, 4265.9375pt x 1505.625pt>
File: ./images/resit_bar_chart.png Graphic file (type png)
<use ./images/resit_bar_chart.png>
Package pdftex.def Info: ./images/resit_bar_chart.png  used on input line 29.
(pdftex.def)             Requested size: 384.1122pt x 135.56932pt.
<./images/stroke_bar_pie.png, id=335, 4265.9375pt x 1505.625pt>
File: ./images/stroke_bar_pie.png Graphic file (type png)
<use ./images/stroke_bar_pie.png>
Package pdftex.def Info: ./images/stroke_bar_pie.png  used on input line 32.
(pdftex.def)             Requested size: 384.1122pt x 135.56932pt.
 [6 <./images/heartd_bar_pie.png> <./images/evermarry_bar_pie.png> <./images/resit_bar_chart.png>]
<./images/smoking_bar_pie.png, id=344, 4265.9375pt x 1505.625pt>
File: ./images/smoking_bar_pie.png Graphic file (type png)
<use ./images/smoking_bar_pie.png>
Package pdftex.def Info: ./images/smoking_bar_pie.png  used on input line 35.
(pdftex.def)             Requested size: 384.1122pt x 135.56932pt.
<./images/worktype_bar_pie.png, id=345, 4265.9375pt x 1505.625pt>
File: ./images/worktype_bar_pie.png Graphic file (type png)
<use ./images/worktype_bar_pie.png>
Package pdftex.def Info: ./images/worktype_bar_pie.png  used on input line 38.
(pdftex.def)             Requested size: 384.1122pt x 135.56932pt.
<./images/age_distribution.png, id=346, 2007.5pt x 1254.6875pt>
File: ./images/age_distribution.png Graphic file (type png)
<use ./images/age_distribution.png>
Package pdftex.def Info: ./images/age_distribution.png  used on input line 42.
(pdftex.def)             Requested size: 318.66411pt x 199.16928pt.
 [7 <./images/stroke_bar_pie.png> <./images/smoking_bar_pie.png> <./images/worktype_bar_pie.png>]
<./images/avg_glucose_distribution.png, id=354, 2007.5pt x 1254.6875pt>
File: ./images/avg_glucose_distribution.png Graphic file (type png)
<use ./images/avg_glucose_distribution.png>
Package pdftex.def Info: ./images/avg_glucose_distribution.png  used on input line 45.
(pdftex.def)             Requested size: 318.66411pt x 199.16928pt.
<./images/bmi_distribution.png, id=355, 2007.5pt x 1254.6875pt>
File: ./images/bmi_distribution.png Graphic file (type png)
<use ./images/bmi_distribution.png>
Package pdftex.def Info: ./images/bmi_distribution.png  used on input line 48.
(pdftex.def)             Requested size: 318.66411pt x 199.16928pt.
) (/home/yizaochen/courses/apsfinal/final_project/chapters/chapter3.tex [8 <./images/age_distribution.png> <./images/avg_glucose_distribution.png>] [9 <./images/bmi_distribution.png>]
Chapter 3.
<./two_by_two_table/gender_stroke.png, id=367, 485.815pt x 185.69376pt>
File: ./two_by_two_table/gender_stroke.png Graphic file (type png)
<use ./two_by_two_table/gender_stroke.png>
Package pdftex.def Info: ./two_by_two_table/gender_stroke.png  used on input line 8.
(pdftex.def)             Requested size: 227.62204pt x 87.00406pt.
<./two_by_two_table/resitype_stroke.png, id=369, 483.8075pt x 184.69pt>
File: ./two_by_two_table/resitype_stroke.png Graphic file (type png)
<use ./two_by_two_table/resitype_stroke.png>
Package pdftex.def Info: ./two_by_two_table/resitype_stroke.png  used on input line 22.
(pdftex.def)             Requested size: 227.62204pt x 86.89447pt.
[10

 <./two_by_two_table/gender_stroke.png>]
<./two_by_two_table/evermarry_stroke.png, id=378, 495.8525pt x 186.6975pt>
File: ./two_by_two_table/evermarry_stroke.png Graphic file (type png)
<use ./two_by_two_table/evermarry_stroke.png>
Package pdftex.def Info: ./two_by_two_table/evermarry_stroke.png  used on input line 36.
(pdftex.def)             Requested size: 227.62204pt x 85.70241pt.
 [11 <./two_by_two_table/resitype_stroke.png> <./two_by_two_table/evermarry_stroke.png>]
<./two_by_two_table/hypert_stroke.png, id=385, 519.9425pt x 184.69pt>
File: ./two_by_two_table/hypert_stroke.png Graphic file (type png)
<use ./two_by_two_table/hypert_stroke.png>
Package pdftex.def Info: ./two_by_two_table/hypert_stroke.png  used on input line 56.
(pdftex.def)             Requested size: 227.62204pt x 80.85239pt.
<./two_by_two_table/heartd_stroke.png, id=386, 518.93875pt x 182.6825pt>
File: ./two_by_two_table/heartd_stroke.png Graphic file (type png)
<use ./two_by_two_table/heartd_stroke.png>
Package pdftex.def Info: ./two_by_two_table/heartd_stroke.png  used on input line 76.
(pdftex.def)             Requested size: 227.62204pt x 80.12965pt.
 [12 <./two_by_two_table/hypert_stroke.png> <./two_by_two_table/heartd_stroke.png>]
<./two_by_two_table/smoke_stroke.png, id=394, 482.80376pt x 189.70876pt>
File: ./two_by_two_table/smoke_stroke.png Graphic file (type png)
<use ./two_by_two_table/smoke_stroke.png>
Package pdftex.def Info: ./two_by_two_table/smoke_stroke.png  used on input line 96.
(pdftex.def)             Requested size: 227.62204pt x 89.43811pt.
) (/home/yizaochen/courses/apsfinal/final_project/main.bbl [13 <./two_by_two_table/smoke_stroke.png>])
Package atveryend Info: Empty hook `BeforeClearDocument' on input line 37.
 [14

]
Package atveryend Info: Empty hook `AfterLastShipout' on input line 37.
 (/home/yizaochen/courses/apsfinal/final_project/main.aux)
Package atveryend Info: Executing hook `AtVeryEndDocument' on input line 37.
Package atveryend Info: Executing hook `AtEndAfterFileList' on input line 37.
Package rerunfilecheck Info: File `main.out' has not changed.
(rerunfilecheck)             Checksum: 16E333407E6140169308C86FCD9C661E;2161.


LaTeX Font Warning: Some font shapes were not available, defaults substituted.

Package atveryend Info: Empty hook `AtVeryVeryEnd' on input line 37.
 ) 
Here is how much of TeX's memory you used:
 9626 strings out of 482590
 140181 string characters out of 5953557
 398825 words of memory out of 5000000
 24288 multiletter control sequences out of 15000+600000
 580782 words of font info for 192 fonts, out of 8000000 for 9000
 309 hyphenation exceptions out of 8191
 34i,6n,32p,718b,1312s stack positions out of 5000i,500n,10000p,200000b,80000s
 </home/yizaochen/.texlive2019/texmf-var/fonts/pk/ljfour/jknappen/ec/tcrm1200.600pk></usr/share/texmf/fonts/type1/arphic/bsmiu/bsmiu30.pfb></usr/share/texmf/fonts/type1/arphic/bsmiu/bsmiu4e.pfb></usr/share/texmf/fonts/type1/arphic/bsmiu/bsmiu4f.pfb></usr/share/texmf/fonts/type1/arphic/bsmiu/bsmiu50.pfb></usr/share/texmf/fonts/type1/arphic/bsmiu/bsmiu51.pfb></usr/share/texmf/fonts/type1/arphic/bsmiu/bsmiu52.pfb></usr/share/texmf/fonts/type1/arphic/bsmiu/bsmiu53.pfb></usr/share/texmf/fonts/type1/arphic/bsmiu/bsmiu54.pfb></usr/share/texmf/fonts/type1/arphic/bsmiu/bsmiu55.pfb></usr/share/texmf/fonts/type1/arphic/bsmiu/bsmiu56.pfb></usr/share/texmf/fonts/type1/arphic/bsmiu/bsmiu57.pfb></usr/share/texmf/fonts/type1/arphic/bsmiu/bsmiu58.pfb></usr/share/texmf/fonts/type1/arphic/bsmiu/bsmiu59.pfb></usr/share/texmf/fonts/type1/arphic/bsmiu/bsmiu5a.pfb></usr/share/texmf/fonts/type1/arphic/bsmiu/bsmiu5b.pfb></usr/share/texmf/fonts/type1/arphic/bsmiu/bsmiu5c.pfb></usr/share/texmf/fonts/type1/arphic/bsmiu/bsmiu5d.pfb></usr/share/texmf/fonts/type1/arphic/bsmiu/bsmiu5e.pfb></usr/share/texmf/fonts/type1/arphic/bsmiu/bsmiu5f.pfb></usr/share/texmf/fonts/type1/arphic/bsmiu/bsmiu60.pfb></usr/share/texmf/fonts/type1/arphic/bsmiu/bsmiu61.pfb></usr/share/texmf/fonts/type1/arphic/bsmiu/bsmiu62.pfb></usr/share/texmf/fonts/type1/arphic/bsmiu/bsmiu63.pfb></usr/share/texmf/fonts/type1/arphic/bsmiu/bsmiu64.pfb></usr/share/texmf/fonts/type1/arphic/bsmiu/bsmiu65.pfb></usr/share/texmf/fonts/type1/arphic/bsmiu/bsmiu66.pfb></usr/share/texmf/fonts/type1/arphic/bsmiu/bsmiu67.pfb></usr/share/texmf/fonts/type1/arphic/bsmiu/bsmiu69.pfb></usr/share/texmf/fonts/type1/arphic/bsmiu/bsmiu6a.pfb></usr/share/texmf/fonts/type1/arphic/bsmiu/bsmiu6b.pfb></usr/share/texmf/fonts/type1/arphic/bsmiu/bsmiu6c.pfb></usr/share/texmf/fonts/type1/arphic/bsmiu/bsmiu6d.pfb></usr/share/texmf/fonts/type1/arphic/bsmiu/bsmiu6e.pfb></usr/share/texmf/fonts/type1/arphic/bsmiu/bsmiu70.pfb></usr/share/texmf/fonts/type1/arphic/bsmiu/bsmiu71.pfb></usr/share/texmf/fonts/type1/arphic/bsmiu/bsmiu72.pfb></usr/share/texmf/fonts/type1/arphic/bsmiu/bsmiu73.pfb></usr/share/texmf/fonts/type1/arphic/bsmiu/bsmiu74.pfb></usr/share/texmf/fonts/type1/arphic/bsmiu/bsmiu75.pfb></usr/share/texmf/fonts/type1/arphic/bsmiu/bsmiu76.pfb></usr/share/texmf/fonts/type1/arphic/bsmiu/bsmiu77.pfb></usr/share/texmf/fonts/type1/arphic/bsmiu/bsmiu78.pfb></usr/share/texmf/fonts/type1/arphic/bsmiu/bsmiu79.pfb></usr/share/texmf/fonts/type1/arphic/bsmiu/bsmiu7a.pfb></usr/share/texmf/fonts/type1/arphic/bsmiu/bsmiu7b.pfb></usr/share/texmf/fonts/type1/arphic/bsmiu/bsmiu7c.pfb></usr/share/texmf/fonts/type1/arphic/bsmiu/bsmiu7d.pfb></usr/share/texmf/fonts/type1/arphic/bsmiu/bsmiu7e.pfb></usr/share/texmf/fonts/type1/arphic/bsmiu/bsmiu7f.pfb></usr/share/texmf/fonts/type1/arphic/bsmiu/bsmiu80.pfb></usr/share/texmf/fonts/type1/arphic/bsmiu/bsmiu81.pfb></usr/share/texmf/fonts/type1/arphic/bsmiu/bsmiu82.pfb></usr/share/texmf/fonts/type1/arphic/bsmiu/bsmiu84.pfb></usr/share/texmf/fonts/type1/arphic/bsmiu/bsmiu86.pfb></usr/share/texmf/fonts/type1/arphic/bsmiu/bsmiu88.pfb></usr/share/texmf/fonts/type1/arphic/bsmiu/bsmiu89.pfb></usr/share/texmf/fonts/type1/arphic/bsmiu/bsmiu8a.pfb></usr/share/texmf/fonts/type1/arphic/bsmiu/bsmiu8b.pfb></usr/share/texmf/fonts/type1/arphic/bsmiu/bsmiu8c.pfb></usr/share/texmf/fonts/type1/arphic/bsmiu/bsmiu8d.pfb></usr/share/texmf/fonts/type1/arphic/bsmiu/bsmiu8f.pfb></usr/share/texmf/fonts/type1/arphic/bsmiu/bsmiu90.pfb></usr/share/texmf/fonts/type1/arphic/bsmiu/bsmiu91.pfb></usr/share/texmf/fonts/type1/arphic/bsmiu/bsmiu95.pfb></usr/share/texmf/fonts/type1/arphic/bsmiu/bsmiu96.pfb></usr/share/texmf/fonts/type1/arphic/bsmiu/bsmiu97.pfb></usr/share/texmf/fonts/type1/arphic/bsmiu/bsmiu98.pfb></usr/share/texmf/fonts/type1/arphic/bsmiu/bsmiu9a.pfb></usr/share/texmf/fonts/type1/arphic/bsmiu/bsmiu9e.pfb></usr/share/texmf/fonts/type1/arphic/bsmiu/bsmiu9f.pfb></usr/share/texmf/fonts/type1/arphic/bsmiu/bsmiuff.pfb></usr/share/texlive/texmf-dist/fonts/type1/public/amsfonts/cm/cmbx12.pfb></usr/share/texlive/texmf-dist/fonts/type1/public/amsfonts/cm/cmmi12.pfb></usr/share/texlive/texmf-dist/fonts/type1/public/amsfonts/cm/cmr12.pfb></usr/share/texlive/texmf-dist/fonts/type1/public/amsfonts/cm/cmr8.pfb></usr/share/texlive/texmf-dist/fonts/type1/public/amsfonts/cm/cmsl12.pfb></usr/share/texlive/texmf-dist/fonts/type1/public/amsfonts/cm/cmsy10.pfb></usr/share/texlive/texmf-dist/fonts/type1/public/amsfonts/cm/cmti12.pfb>
Output written on /home/yizaochen/courses/apsfinal/final_project/main.pdf (15 pages, 2159000 bytes).
PDF statistics:
 668 PDF objects out of 1000 (max. 8388607)
 462 compressed objects within 5 object streams
 54 named destinations out of 1000 (max. 500000)
 586 words of extra memory for PDF output out of 10000 (max. 10000000)

