\BOOKMARK [0][-]{chapter.1}{\122\115\212\000\377\032\200\314\146\157\202\007\122\325\152\137}{}% 1
\BOOKMARK [1][-]{section.1.1}{\200\314\146\157}{chapter.1}% 2
\BOOKMARK [1][-]{section.1.2}{\122\325\152\137}{chapter.1}% 3
\BOOKMARK [0][-]{chapter.2}{\214\307\145\231\143\242\212\016}{}% 4
\BOOKMARK [1][-]{section.2.1}{\214\307\145\231\117\206\156\220}{chapter.2}% 5
\BOOKMARK [1][-]{section.2.2}{\214\307\145\231\127\372\147\054\127\213\141\113}{chapter.2}% 6
\BOOKMARK [1][-]{section.2.3}{\125\256\213\212\145\170\122\006\147\220: \230\136\122\045\127\213}{chapter.2}% 7
\BOOKMARK [2][-]{subsection.2.3.1}{gender}{section.2.3}% 8
\BOOKMARK [2][-]{subsection.2.3.2}{Hypertension}{section.2.3}% 9
\BOOKMARK [2][-]{subsection.2.3.3}{Heart Disease}{section.2.3}% 10
\BOOKMARK [2][-]{subsection.2.3.4}{Ever married}{section.2.3}% 11
\BOOKMARK [2][-]{subsection.2.3.5}{Residence type}{section.2.3}% 12
\BOOKMARK [2][-]{subsection.2.3.6}{Stroke}{section.2.3}% 13
\BOOKMARK [2][-]{subsection.2.3.7}{Smoking status}{section.2.3}% 14
\BOOKMARK [2][-]{subsection.2.3.8}{Work type}{section.2.3}% 15
\BOOKMARK [1][-]{section.2.4}{\125\256\213\212\145\170\122\006\147\220: \145\170\120\074\127\213}{chapter.2}% 16
\BOOKMARK [2][-]{subsection.2.4.1}{age}{section.2.4}% 17
\BOOKMARK [2][-]{subsection.2.4.2}{Average glucose level}{section.2.4}% 18
\BOOKMARK [2][-]{subsection.2.4.3}{BMI}{section.2.4}% 19
\BOOKMARK [0][-]{chapter.3}{\137\161\227\377\116\055\230\250\166\204\126\340\175 }{}% 20
\BOOKMARK [1][-]{section.3.1}{Analysis of Contingency Table}{chapter.3}% 21
\BOOKMARK [2][-]{subsection.3.1.1}{\116\055\230\250\202\007\140\047\122\045}{section.3.1}% 22
\BOOKMARK [2][-]{subsection.3.1.2}{\116\055\230\250\202\007\134\105\117\117\164\260\130\203}{section.3.1}% 23
\BOOKMARK [2][-]{subsection.3.1.3}{\116\055\230\250\202\007\132\132\131\373}{section.3.1}% 24
\BOOKMARK [2][-]{subsection.3.1.4}{\116\055\230\250\202\007\130\323\122\233}{section.3.1}% 25
\BOOKMARK [2][-]{subsection.3.1.5}{\116\055\230\250\202\007\137\303\201\337\165\305}{section.3.1}% 26
\BOOKMARK [2][-]{subsection.3.1.6}{\116\055\230\250\202\007\142\275\161\131\177\322\141\143}{section.3.1}% 27
\BOOKMARK [2][-]{subsection.3.1.7}{\116\055\230\250\202\007\136\164\237\141}{section.3.1}% 28
\BOOKMARK [2][-]{subsection.3.1.8}{\116\055\230\250\202\007\210\100\174\326}{section.3.1}% 29
\BOOKMARK [2][-]{subsection.3.1.9}{\116\055\230\250\202\007BMI}{section.3.1}% 30
\BOOKMARK [0][-]{chapter.4}{Clustering}{}% 31
\BOOKMARK [1][-]{section.4.1}{The table of correlation}{chapter.4}% 32
